0 1
1 2
2 3
3 3
4 4
5 5
6 6
7 7
8 8
9 9
10 10
11 11
12 12
13 12
14 12
15 12
16 11
17 11
18 12
19 13
18 14
19 15
20 16
20 17
21 18
22 19
22 20
23 21
24 21
25 21
26 22
26 23
26 24
26 25
27 26
27 27
26 28
25 29
24 30
25 31
24 32
25 33
26 34
27 35
28 34
29 34
30 35
31 34
32 34
33 33
34 34
35 35
34 36
33 37
34 38
35 38
36 39
37 40
38 41
39 42
40 43
41 44
42 45
43 45
44 46
45 46
46 47
47 48
48 49
49 50
49 51
49 52
50 53
51 53
52 52
53 52
54 53
55 54
56 55
57 56
56 57
57 58
58 59
59 59
60 60
61 61
62 62
63 63
64 64
65 65
66 66
67 67
68 68
69 69
70 70
70 71
69 72
69 73
70 74
71 74
72 75
73 75
74 74
75 74
76 75
77 76
77 77
78 78
79 79
80 79
81 78
82 79
83 80
83 81
82 82
81 83
80 84
81 85
82 86
82 87
83 88
84 89
85 89
86 90
87 91
88 92
89 92
90 91
91 91
92 91
93 92
94 93
94 94
95 95
95 96
96 97
97 98
97 99
137